c:\users\rituj\source\repos\cs-580\debug\cs580hw5.pch
c:\users\rituj\source\repos\cs-580\debug\vc143.pdb
c:\users\rituj\source\repos\cs-580\debug\vc143.idb
c:\users\rituj\source\repos\cs-580\debug\stdafx.obj
c:\users\rituj\source\repos\cs-580\debug\application.obj
c:\users\rituj\source\repos\cs-580\debug\application5.obj
c:\users\rituj\source\repos\cs-580\debug\cs580hw.obj
c:\users\rituj\source\repos\cs-580\debug\cs580hwdoc.obj
c:\users\rituj\source\repos\cs-580\debug\cs580hwview.obj
c:\users\rituj\source\repos\cs-580\debug\disp.obj
c:\users\rituj\source\repos\cs-580\debug\mainfrm.obj
c:\users\rituj\source\repos\cs-580\debug\rend.obj
c:\users\rituj\source\repos\cs-580\debug\rotatedlg.obj
c:\users\rituj\source\repos\cs-580\debug\scaledlg.obj
c:\users\rituj\source\repos\cs-580\debug\tex_fun.obj
c:\users\rituj\source\repos\cs-580\debug\translatedlg.obj
c:\users\rituj\source\repos\cs-580\debug\cs580hw5.exe
c:\users\rituj\source\repos\cs-580\debug\cs580hw5.pdb
c:\users\rituj\source\repos\cs-580\debug\cs580hw.res
c:\users\rituj\source\repos\cs-580\debug\cs580hw5.ilk
c:\users\rituj\source\repos\cs-580\debug\cs580hw5.tlog\cl.command.1.tlog
c:\users\rituj\source\repos\cs-580\debug\cs580hw5.tlog\cl.items.tlog
c:\users\rituj\source\repos\cs-580\debug\cs580hw5.tlog\cl.read.1.tlog
c:\users\rituj\source\repos\cs-580\debug\cs580hw5.tlog\cl.write.1.tlog
c:\users\rituj\source\repos\cs-580\debug\cs580hw5.tlog\link.command.1.tlog
c:\users\rituj\source\repos\cs-580\debug\cs580hw5.tlog\link.read.1.tlog
c:\users\rituj\source\repos\cs-580\debug\cs580hw5.tlog\link.secondary.1.tlog
c:\users\rituj\source\repos\cs-580\debug\cs580hw5.tlog\link.write.1.tlog
c:\users\rituj\source\repos\cs-580\debug\cs580hw5.tlog\rc.command.1.tlog
c:\users\rituj\source\repos\cs-580\debug\cs580hw5.tlog\rc.read.1.tlog
c:\users\rituj\source\repos\cs-580\debug\cs580hw5.tlog\rc.write.1.tlog
