cl : command line  warning D9035: option 'Gm' has been deprecated and will be removed in a future release
  Application5.cpp
C:\Users\rituj\Source\Repos\CS-580\Application5.cpp(32,4): warning C4305: 'initializing': truncation from 'double' to 'float'
  (compiling source file '/Application5.cpp')
  
C:\Users\rituj\Source\Repos\CS-580\Application5.cpp(32,11): warning C4305: 'initializing': truncation from 'double' to 'float'
  (compiling source file '/Application5.cpp')
  
C:\Users\rituj\Source\Repos\CS-580\Application5.cpp(32,17): warning C4305: 'initializing': truncation from 'double' to 'float'
  (compiling source file '/Application5.cpp')
  
C:\Users\rituj\Source\Repos\CS-580\Application5.cpp(33,4): warning C4305: 'initializing': truncation from 'double' to 'float'
  (compiling source file '/Application5.cpp')
  
C:\Users\rituj\Source\Repos\CS-580\Application5.cpp(33,10): warning C4305: 'initializing': truncation from 'double' to 'float'
  (compiling source file '/Application5.cpp')
  
C:\Users\rituj\Source\Repos\CS-580\Application5.cpp(33,16): warning C4305: 'initializing': truncation from 'double' to 'float'
  (compiling source file '/Application5.cpp')
  
C:\Users\rituj\Source\Repos\CS-580\Application5.cpp(34,4): warning C4305: 'initializing': truncation from 'double' to 'float'
  (compiling source file '/Application5.cpp')
  
C:\Users\rituj\Source\Repos\CS-580\Application5.cpp(34,10): warning C4305: 'initializing': truncation from 'double' to 'float'
  (compiling source file '/Application5.cpp')
  
C:\Users\rituj\Source\Repos\CS-580\Application5.cpp(34,16): warning C4305: 'initializing': truncation from 'double' to 'float'
  (compiling source file '/Application5.cpp')
  
C:\Users\rituj\Source\Repos\CS-580\Application5.cpp(35,4): warning C4305: 'initializing': truncation from 'double' to 'float'
  (compiling source file '/Application5.cpp')
  
C:\Users\rituj\Source\Repos\CS-580\Application5.cpp(35,11): warning C4305: 'initializing': truncation from 'double' to 'float'
  (compiling source file '/Application5.cpp')
  
C:\Users\rituj\Source\Repos\CS-580\Application5.cpp(35,18): warning C4305: 'initializing': truncation from 'double' to 'float'
  (compiling source file '/Application5.cpp')
  
C:\Users\rituj\Source\Repos\CS-580\Application5.cpp(36,4): warning C4305: 'initializing': truncation from 'double' to 'float'
  (compiling source file '/Application5.cpp')
  
C:\Users\rituj\Source\Repos\CS-580\Application5.cpp(36,10): warning C4305: 'initializing': truncation from 'double' to 'float'
  (compiling source file '/Application5.cpp')
  
C:\Users\rituj\Source\Repos\CS-580\Application5.cpp(36,17): warning C4305: 'initializing': truncation from 'double' to 'float'
  (compiling source file '/Application5.cpp')
  
C:\Users\rituj\Source\Repos\CS-580\Application5.cpp(37,4): warning C4305: 'initializing': truncation from 'double' to 'float'
  (compiling source file '/Application5.cpp')
  
C:\Users\rituj\Source\Repos\CS-580\Application5.cpp(37,11): warning C4305: 'initializing': truncation from 'double' to 'float'
  (compiling source file '/Application5.cpp')
  
C:\Users\rituj\Source\Repos\CS-580\Application5.cpp(37,18): warning C4305: 'initializing': truncation from 'double' to 'float'
  (compiling source file '/Application5.cpp')
  
C:\Users\rituj\Source\Repos\CS-580\Application5.cpp(107,9): warning C4305: 'initializing': truncation from 'double' to 'float'
  (compiling source file '/Application5.cpp')
  
C:\Users\rituj\Source\Repos\CS-580\Application5.cpp(107,16): warning C4305: 'initializing': truncation from 'double' to 'float'
  (compiling source file '/Application5.cpp')
  
C:\Users\rituj\Source\Repos\CS-580\Application5.cpp(108,9): warning C4305: 'initializing': truncation from 'double' to 'float'
  (compiling source file '/Application5.cpp')
  
C:\Users\rituj\Source\Repos\CS-580\Application5.cpp(108,17): warning C4305: 'initializing': truncation from 'double' to 'float'
  (compiling source file '/Application5.cpp')
  
C:\Users\rituj\Source\Repos\CS-580\Application5.cpp(114,4): warning C4305: 'initializing': truncation from 'double' to 'float'
  (compiling source file '/Application5.cpp')
  
C:\Users\rituj\Source\Repos\CS-580\Application5.cpp(116,14): warning C4305: 'initializing': truncation from 'double' to 'float'
  (compiling source file '/Application5.cpp')
  
C:\Users\rituj\Source\Repos\CS-580\Application5.cpp(120,24): warning C4305: '=': truncation from 'double' to 'float'
  (compiling source file '/Application5.cpp')
  
C:\Users\rituj\Source\Repos\CS-580\Application5.cpp(121,24): warning C4305: '=': truncation from 'double' to 'float'
  (compiling source file '/Application5.cpp')
  
C:\Users\rituj\Source\Repos\CS-580\Application5.cpp(122,24): warning C4305: '=': truncation from 'double' to 'float'
  (compiling source file '/Application5.cpp')
  
C:\Users\rituj\Source\Repos\CS-580\Application5.cpp(124,22): warning C4305: '=': truncation from 'double' to 'float'
  (compiling source file '/Application5.cpp')
  
C:\Users\rituj\Source\Repos\CS-580\Application5.cpp(125,22): warning C4305: '=': truncation from 'double' to 'float'
  (compiling source file '/Application5.cpp')
  
C:\Users\rituj\Source\Repos\CS-580\Application5.cpp(128,23): warning C4305: '=': truncation from 'double' to 'float'
  (compiling source file '/Application5.cpp')
  
C:\Users\rituj\Source\Repos\CS-580\Application5.cpp(132,16): warning C4305: '=': truncation from 'double' to 'float'
  (compiling source file '/Application5.cpp')
  
C:\Users\rituj\Source\Repos\CS-580\Application5.cpp(143,16): warning C4244: 'initializing': conversion from 'double' to 'float', possible loss of data
  (compiling source file '/Application5.cpp')
  
C:\Users\rituj\Source\Repos\CS-580\Application5.cpp(172,24): warning C4305: 'initializing': truncation from 'double' to 'float'
  (compiling source file '/Application5.cpp')
  
C:\Users\rituj\Source\Repos\CS-580\Application5.cpp(172,33): warning C4305: 'initializing': truncation from 'double' to 'float'
  (compiling source file '/Application5.cpp')
  
C:\Users\rituj\Source\Repos\CS-580\Application5.cpp(172,52): warning C4305: 'initializing': truncation from 'double' to 'float'
  (compiling source file '/Application5.cpp')
  
C:\Users\rituj\Source\Repos\CS-580\Application5.cpp(172,57): warning C4305: 'initializing': truncation from 'double' to 'float'
  (compiling source file '/Application5.cpp')
  
C:\Users\rituj\Source\Repos\CS-580\Application5.cpp(173,27): warning C4305: 'initializing': truncation from 'double' to 'float'
  (compiling source file '/Application5.cpp')
  
C:\Users\rituj\Source\Repos\CS-580\Application5.cpp(173,36): warning C4305: 'initializing': truncation from 'double' to 'float'
  (compiling source file '/Application5.cpp')
  
C:\Users\rituj\Source\Repos\CS-580\Application5.cpp(173,48): warning C4305: 'initializing': truncation from 'double' to 'float'
  (compiling source file '/Application5.cpp')
  
C:\Users\rituj\Source\Repos\CS-580\Application5.cpp(173,53): warning C4305: 'initializing': truncation from 'double' to 'float'
  (compiling source file '/Application5.cpp')
  
C:\Users\rituj\Source\Repos\CS-580\Application5.cpp(173,58): warning C4305: 'initializing': truncation from 'double' to 'float'
  (compiling source file '/Application5.cpp')
  
C:\Users\rituj\Source\Repos\CS-580\Application5.cpp(174,24): warning C4305: 'initializing': truncation from 'double' to 'float'
  (compiling source file '/Application5.cpp')
  
C:\Users\rituj\Source\Repos\CS-580\Application5.cpp(174,37): warning C4305: 'initializing': truncation from 'double' to 'float'
  (compiling source file '/Application5.cpp')
  
C:\Users\rituj\Source\Repos\CS-580\Application5.cpp(174,49): warning C4305: 'initializing': truncation from 'double' to 'float'
  (compiling source file '/Application5.cpp')
  
C:\Users\rituj\Source\Repos\CS-580\Application5.cpp(174,54): warning C4305: 'initializing': truncation from 'double' to 'float'
  (compiling source file '/Application5.cpp')
  
C:\Users\rituj\Source\Repos\CS-580\Application5.cpp(175,42): warning C4305: 'initializing': truncation from 'double' to 'float'
  (compiling source file '/Application5.cpp')
  
C:\Users\rituj\Source\Repos\CS-580\Application5.cpp(175,47): warning C4305: 'initializing': truncation from 'double' to 'float'
  (compiling source file '/Application5.cpp')
  
C:\Users\rituj\Source\Repos\CS-580\Application5.cpp(175,52): warning C4305: 'initializing': truncation from 'double' to 'float'
  (compiling source file '/Application5.cpp')
  
C:\Users\rituj\Source\Repos\CS-580\Application5.cpp(178,35): warning C4305: 'initializing': truncation from 'double' to 'float'
  (compiling source file '/Application5.cpp')
  
C:\Users\rituj\Source\Repos\CS-580\Application5.cpp(178,40): warning C4305: 'initializing': truncation from 'double' to 'float'
  (compiling source file '/Application5.cpp')
  
C:\Users\rituj\Source\Repos\CS-580\Application5.cpp(178,45): warning C4305: 'initializing': truncation from 'double' to 'float'
  (compiling source file '/Application5.cpp')
  
C:\Users\rituj\Source\Repos\CS-580\Application5.cpp(179,34): warning C4305: 'initializing': truncation from 'double' to 'float'
  (compiling source file '/Application5.cpp')
  
C:\Users\rituj\Source\Repos\CS-580\Application5.cpp(179,39): warning C4305: 'initializing': truncation from 'double' to 'float'
  (compiling source file '/Application5.cpp')
  
C:\Users\rituj\Source\Repos\CS-580\Application5.cpp(179,44): warning C4305: 'initializing': truncation from 'double' to 'float'
  (compiling source file '/Application5.cpp')
  
C:\Users\rituj\Source\Repos\CS-580\Application5.cpp(180,34): warning C4305: 'initializing': truncation from 'double' to 'float'
  (compiling source file '/Application5.cpp')
  
C:\Users\rituj\Source\Repos\CS-580\Application5.cpp(180,39): warning C4305: 'initializing': truncation from 'double' to 'float'
  (compiling source file '/Application5.cpp')
  
C:\Users\rituj\Source\Repos\CS-580\Application5.cpp(180,44): warning C4305: 'initializing': truncation from 'double' to 'float'
  (compiling source file '/Application5.cpp')
  
C:\Users\rituj\Source\Repos\CS-580\Application5.cpp(67,8): warning C4101: 'shaderType': unreferenced local variable
  (compiling source file '/Application5.cpp')
  
C:\Users\rituj\Source\Repos\CS-580\Application5.cpp(322,44): warning C4244: '+=': conversion from 'float' to 'GzIntensity', possible loss of data
  (compiling source file '/Application5.cpp')
  
C:\Users\rituj\Source\Repos\CS-580\Application5.cpp(323,48): warning C4244: '+=': conversion from 'float' to 'GzIntensity', possible loss of data
  (compiling source file '/Application5.cpp')
  
C:\Users\rituj\Source\Repos\CS-580\Application5.cpp(324,46): warning C4244: '+=': conversion from 'float' to 'GzIntensity', possible loss of data
  (compiling source file '/Application5.cpp')
  
C:\Users\rituj\Source\Repos\CS-580\Application5.cpp(325,40): warning C4244: '+=': conversion from 'float' to 'GzDepth', possible loss of data
  (compiling source file '/Application5.cpp')
  
C:\Users\rituj\Source\Repos\CS-580\Application5.cpp(268,17): warning C4996: 'fopen': This function or variable may be unsafe. Consider using fopen_s instead. To disable deprecation, use _CRT_SECURE_NO_WARNINGS. See online help for details.
  (compiling source file '/Application5.cpp')
  
C:\Users\rituj\Source\Repos\CS-580\Application5.cpp(275,18): warning C4996: 'fopen': This function or variable may be unsafe. Consider using fopen_s instead. To disable deprecation, use _CRT_SECURE_NO_WARNINGS. See online help for details.
  (compiling source file '/Application5.cpp')
  
C:\Users\rituj\Source\Repos\CS-580\Application5.cpp(285,10): warning C4996: 'fscanf': This function or variable may be unsafe. Consider using fscanf_s instead. To disable deprecation, use _CRT_SECURE_NO_WARNINGS. See online help for details.
  (compiling source file '/Application5.cpp')
  
C:\Users\rituj\Source\Repos\CS-580\Application5.cpp(286,4): warning C4996: 'fscanf': This function or variable may be unsafe. Consider using fscanf_s instead. To disable deprecation, use _CRT_SECURE_NO_WARNINGS. See online help for details.
  (compiling source file '/Application5.cpp')
  
C:\Users\rituj\Source\Repos\CS-580\Application5.cpp(292,4): warning C4996: 'fscanf': This function or variable may be unsafe. Consider using fscanf_s instead. To disable deprecation, use _CRT_SECURE_NO_WARNINGS. See online help for details.
  (compiling source file '/Application5.cpp')
  
C:\Users\rituj\Source\Repos\CS-580\Application5.cpp(298,4): warning C4996: 'fscanf': This function or variable may be unsafe. Consider using fscanf_s instead. To disable deprecation, use _CRT_SECURE_NO_WARNINGS. See online help for details.
  (compiling source file '/Application5.cpp')
  
  CS580HW5.vcxproj -> C:\Users\rituj\Source\Repos\CS-580\Debug\CS580HW5.exe
